<?xml version="1.0" encoding="UTF-8"?>
<testng-results ignored="0" total="1" passed="1" failed="0" skipped="0">
  <reporter-output>
  </reporter-output>
  <suite started-at="2023-03-01T17:01:51 IST" name="Default suite" finished-at="2023-03-01T17:02:12 IST" duration-ms="20698">
    <groups>
      <group name="Error Handling">
        <method signature="ErrorValidationTest.loginErrorTest()[pri:0, instance:seleniumFrameworkGroup.Tests.ErrorValidationTest@3c46e67a]" name="loginErrorTest" class="seleniumFrameworkGroup.Tests.ErrorValidationTest"/>
      </group> <!-- Error Handling -->
    </groups>
    <test started-at="2023-03-01T17:01:51 IST" name="Default test" finished-at="2023-03-01T17:02:12 IST" duration-ms="20698">
      <class name="seleniumFrameworkGroup.Tests.ErrorValidationTest">
        <test-method is-config="true" signature="launchApplication()[pri:0, instance:seleniumFrameworkGroup.Tests.ErrorValidationTest@3c46e67a]" started-at="2023-03-01T17:01:51 IST" name="launchApplication" finished-at="2023-03-01T17:02:11 IST" duration-ms="19682" status="PASS">
          <reporter-output>
          </reporter-output>
        </test-method> <!-- launchApplication -->
        <test-method signature="loginErrorTest()[pri:0, instance:seleniumFrameworkGroup.Tests.ErrorValidationTest@3c46e67a]" started-at="2023-03-01T17:02:11 IST" name="loginErrorTest" finished-at="2023-03-01T17:02:11 IST" duration-ms="654" status="PASS">
          <reporter-output>
          </reporter-output>
        </test-method> <!-- loginErrorTest -->
        <test-method is-config="true" signature="tearDown()[pri:0, instance:seleniumFrameworkGroup.Tests.ErrorValidationTest@3c46e67a]" started-at="2023-03-01T17:02:11 IST" name="tearDown" finished-at="2023-03-01T17:02:12 IST" duration-ms="269" status="PASS">
          <reporter-output>
          </reporter-output>
        </test-method> <!-- tearDown -->
      </class> <!-- seleniumFrameworkGroup.Tests.ErrorValidationTest -->
    </test> <!-- Default test -->
  </suite> <!-- Default suite -->
</testng-results>
