<?xml version="1.0" encoding="UTF-8"?>
<!-- Generated by org.testng.reporters.JUnitXMLReporter -->
<testsuite ignored="0" hostname="DM-DT16" failures="0" tests="2" name="Error Validation Test" time="55.083" errors="0" timestamp="2023-01-13T12:30:25 IST">
  <testcase classname="seleniumFrameworkGroup.Tests.ErrorValidationTest" name="loginErrorTest" time="2.012"/>
  <testcase classname="seleniumFrameworkGroup.Tests.ErrorValidationTest" name="productErrorValidation" time="6.361"/>
</testsuite> <!-- Error Validation Test -->
