<?xml version="1.0" encoding="UTF-8"?>
<!-- Generated by org.testng.reporters.JUnitXMLReporter -->
<testsuite ignored="0" hostname="DM-DT16" failures="0" tests="3" name="Submit Order Test" time="82.918" errors="0" timestamp="2023-01-13T12:30:47 IST">
  <testcase classname="seleniumFrameworkGroup.Tests.SubmitOrderTest" name="loginTest" time="15.539"/>
  <testcase classname="seleniumFrameworkGroup.Tests.SubmitOrderTest" name="loginTest" time="10.938"/>
  <testcase classname="seleniumFrameworkGroup.Tests.SubmitOrderTest" name="orderHistory" time="4.008"/>
</testsuite> <!-- Submit Order Test -->
